13:06:02.181 [ApplicationImpl pooled thread 9] INFO  c.b.l.BrowserStackRunExtension - testng
13:06:02.182 [ApplicationImpl pooled thread 9] INFO  com.browserstack.utils.Helpers - null
13:06:02.182 [ApplicationImpl pooled thread 9] INFO  com.browserstack.utils.Helpers - /Users/vasugoel/.m2/repository/com/browserstack/browserstack-java-sdk/1.32.6/browserstack-java-sdk-1.32.6.jar
13:06:02.182 [ApplicationImpl pooled thread 9] INFO  c.b.l.BrowserStackRunExtension - Agent path: /Users/vasugoel/.m2/repository/com/browserstack/browserstack-java-sdk/1.32.6/browserstack-java-sdk-1.32.6.jar
13:06:02.183 [ApplicationImpl pooled thread 9] INFO  c.b.l.BrowserStackRunExtension - Adding Browserstack SDK javaagent argline
13:06:02.183 [ApplicationImpl pooled thread 9] INFO  c.b.l.BrowserStackRunExtension - Plugin version: v1.1.6
13:27:46.932 [ApplicationImpl pooled thread 12] INFO  c.b.l.BrowserStackRunExtension - testng
13:27:46.933 [ApplicationImpl pooled thread 12] INFO  com.browserstack.utils.Helpers - null
13:27:46.933 [ApplicationImpl pooled thread 12] INFO  com.browserstack.utils.Helpers - /Users/vasugoel/.m2/repository/com/browserstack/browserstack-java-sdk/1.32.6/browserstack-java-sdk-1.32.6.jar
13:27:46.933 [ApplicationImpl pooled thread 12] INFO  c.b.l.BrowserStackRunExtension - Agent path: /Users/vasugoel/.m2/repository/com/browserstack/browserstack-java-sdk/1.32.6/browserstack-java-sdk-1.32.6.jar
13:27:46.933 [ApplicationImpl pooled thread 12] INFO  c.b.l.BrowserStackRunExtension - Adding Browserstack SDK javaagent argline
13:27:46.933 [ApplicationImpl pooled thread 12] INFO  c.b.l.BrowserStackRunExtension - Plugin version: v1.1.6
13:36:57.578 [ApplicationImpl pooled thread 16] INFO  c.b.l.BrowserStackRunExtension - testng
13:36:57.579 [ApplicationImpl pooled thread 16] INFO  com.browserstack.utils.Helpers - null
13:36:57.581 [ApplicationImpl pooled thread 16] INFO  com.browserstack.utils.Helpers - /Users/vasugoel/.m2/repository/com/browserstack/browserstack-java-sdk/1.32.6/browserstack-java-sdk-1.32.6.jar
13:36:57.581 [ApplicationImpl pooled thread 16] INFO  c.b.l.BrowserStackRunExtension - Agent path: /Users/vasugoel/.m2/repository/com/browserstack/browserstack-java-sdk/1.32.6/browserstack-java-sdk-1.32.6.jar
13:36:57.581 [ApplicationImpl pooled thread 16] INFO  c.b.l.BrowserStackRunExtension - Adding Browserstack SDK javaagent argline
13:36:57.581 [ApplicationImpl pooled thread 16] INFO  c.b.l.BrowserStackRunExtension - Plugin version: v1.1.6
13:39:50.815 [ApplicationImpl pooled thread 22] INFO  c.b.l.BrowserStackRunExtension - testng
13:39:50.815 [ApplicationImpl pooled thread 22] INFO  com.browserstack.utils.Helpers - null
13:39:50.816 [ApplicationImpl pooled thread 22] INFO  com.browserstack.utils.Helpers - /Users/vasugoel/.m2/repository/com/browserstack/browserstack-java-sdk/1.32.6/browserstack-java-sdk-1.32.6.jar
13:39:50.816 [ApplicationImpl pooled thread 22] INFO  c.b.l.BrowserStackRunExtension - Agent path: /Users/vasugoel/.m2/repository/com/browserstack/browserstack-java-sdk/1.32.6/browserstack-java-sdk-1.32.6.jar
13:39:50.816 [ApplicationImpl pooled thread 22] INFO  c.b.l.BrowserStackRunExtension - Adding Browserstack SDK javaagent argline
13:39:50.816 [ApplicationImpl pooled thread 22] INFO  c.b.l.BrowserStackRunExtension - Plugin version: v1.1.6
13:42:16.423 [ApplicationImpl pooled thread 3] INFO  c.b.l.BrowserStackRunExtension - testng
13:42:16.423 [ApplicationImpl pooled thread 3] INFO  com.browserstack.utils.Helpers - null
13:42:16.424 [ApplicationImpl pooled thread 3] INFO  com.browserstack.utils.Helpers - /Users/vasugoel/.m2/repository/com/browserstack/browserstack-java-sdk/1.32.6/browserstack-java-sdk-1.32.6.jar
13:42:16.424 [ApplicationImpl pooled thread 3] INFO  c.b.l.BrowserStackRunExtension - Agent path: /Users/vasugoel/.m2/repository/com/browserstack/browserstack-java-sdk/1.32.6/browserstack-java-sdk-1.32.6.jar
13:42:16.424 [ApplicationImpl pooled thread 3] INFO  c.b.l.BrowserStackRunExtension - Adding Browserstack SDK javaagent argline
13:42:16.424 [ApplicationImpl pooled thread 3] INFO  c.b.l.BrowserStackRunExtension - Plugin version: v1.1.6
13:43:40.713 [ApplicationImpl pooled thread 19] INFO  c.b.l.BrowserStackRunExtension - testng
13:43:40.714 [ApplicationImpl pooled thread 19] INFO  com.browserstack.utils.Helpers - null
13:43:40.714 [ApplicationImpl pooled thread 19] INFO  com.browserstack.utils.Helpers - /Users/vasugoel/.m2/repository/com/browserstack/browserstack-java-sdk/1.32.6/browserstack-java-sdk-1.32.6.jar
13:43:40.714 [ApplicationImpl pooled thread 19] INFO  c.b.l.BrowserStackRunExtension - Agent path: /Users/vasugoel/.m2/repository/com/browserstack/browserstack-java-sdk/1.32.6/browserstack-java-sdk-1.32.6.jar
13:43:40.714 [ApplicationImpl pooled thread 19] INFO  c.b.l.BrowserStackRunExtension - Adding Browserstack SDK javaagent argline
13:43:40.714 [ApplicationImpl pooled thread 19] INFO  c.b.l.BrowserStackRunExtension - Plugin version: v1.1.6
13:57:14.962 [ApplicationImpl pooled thread 33] INFO  c.b.l.BrowserStackRunExtension - testng
13:57:14.962 [ApplicationImpl pooled thread 33] INFO  com.browserstack.utils.Helpers - null
13:57:14.963 [ApplicationImpl pooled thread 33] INFO  com.browserstack.utils.Helpers - /Users/vasugoel/.m2/repository/com/browserstack/browserstack-java-sdk/1.32.6/browserstack-java-sdk-1.32.6.jar
13:57:14.963 [ApplicationImpl pooled thread 33] INFO  c.b.l.BrowserStackRunExtension - Agent path: /Users/vasugoel/.m2/repository/com/browserstack/browserstack-java-sdk/1.32.6/browserstack-java-sdk-1.32.6.jar
13:57:14.963 [ApplicationImpl pooled thread 33] INFO  c.b.l.BrowserStackRunExtension - Adding Browserstack SDK javaagent argline
13:57:14.963 [ApplicationImpl pooled thread 33] INFO  c.b.l.BrowserStackRunExtension - Plugin version: v1.1.6
14:00:04.189 [ApplicationImpl pooled thread 32] INFO  c.b.l.BrowserStackRunExtension - testng
14:00:04.189 [ApplicationImpl pooled thread 32] INFO  com.browserstack.utils.Helpers - null
14:00:04.189 [ApplicationImpl pooled thread 32] INFO  com.browserstack.utils.Helpers - /Users/vasugoel/.m2/repository/com/browserstack/browserstack-java-sdk/1.32.6/browserstack-java-sdk-1.32.6.jar
14:00:04.189 [ApplicationImpl pooled thread 32] INFO  c.b.l.BrowserStackRunExtension - Agent path: /Users/vasugoel/.m2/repository/com/browserstack/browserstack-java-sdk/1.32.6/browserstack-java-sdk-1.32.6.jar
14:00:04.189 [ApplicationImpl pooled thread 32] INFO  c.b.l.BrowserStackRunExtension - Adding Browserstack SDK javaagent argline
14:00:04.189 [ApplicationImpl pooled thread 32] INFO  c.b.l.BrowserStackRunExtension - Plugin version: v1.1.6
14:02:40.185 [ApplicationImpl pooled thread 35] INFO  c.b.l.BrowserStackRunExtension - testng
14:02:40.185 [ApplicationImpl pooled thread 35] INFO  com.browserstack.utils.Helpers - null
14:02:40.186 [ApplicationImpl pooled thread 35] INFO  com.browserstack.utils.Helpers - /Users/vasugoel/.m2/repository/com/browserstack/browserstack-java-sdk/1.32.6/browserstack-java-sdk-1.32.6.jar
14:02:40.186 [ApplicationImpl pooled thread 35] INFO  c.b.l.BrowserStackRunExtension - Agent path: /Users/vasugoel/.m2/repository/com/browserstack/browserstack-java-sdk/1.32.6/browserstack-java-sdk-1.32.6.jar
14:02:40.186 [ApplicationImpl pooled thread 35] INFO  c.b.l.BrowserStackRunExtension - Adding Browserstack SDK javaagent argline
14:02:40.186 [ApplicationImpl pooled thread 35] INFO  c.b.l.BrowserStackRunExtension - Plugin version: v1.1.6
14:14:18.859 [ApplicationImpl pooled thread 43] INFO  c.b.l.BrowserStackRunExtension - testng
14:14:18.859 [ApplicationImpl pooled thread 43] INFO  com.browserstack.utils.Helpers - null
14:14:18.859 [ApplicationImpl pooled thread 43] INFO  com.browserstack.utils.Helpers - /Users/vasugoel/.m2/repository/com/browserstack/browserstack-java-sdk/1.32.6/browserstack-java-sdk-1.32.6.jar
14:14:18.859 [ApplicationImpl pooled thread 43] INFO  c.b.l.BrowserStackRunExtension - Agent path: /Users/vasugoel/.m2/repository/com/browserstack/browserstack-java-sdk/1.32.6/browserstack-java-sdk-1.32.6.jar
14:14:18.859 [ApplicationImpl pooled thread 43] INFO  c.b.l.BrowserStackRunExtension - Adding Browserstack SDK javaagent argline
14:14:18.859 [ApplicationImpl pooled thread 43] INFO  c.b.l.BrowserStackRunExtension - Plugin version: v1.1.6
15:43:37.650 [ApplicationImpl pooled thread 57] INFO  c.b.l.BrowserStackRunExtension - testng
15:43:37.650 [ApplicationImpl pooled thread 57] INFO  com.browserstack.utils.Helpers - null
15:43:37.650 [ApplicationImpl pooled thread 57] INFO  com.browserstack.utils.Helpers - /Users/vasugoel/.m2/repository/com/browserstack/browserstack-java-sdk/1.32.6/browserstack-java-sdk-1.32.6.jar
15:43:37.650 [ApplicationImpl pooled thread 57] INFO  c.b.l.BrowserStackRunExtension - Agent path: /Users/vasugoel/.m2/repository/com/browserstack/browserstack-java-sdk/1.32.6/browserstack-java-sdk-1.32.6.jar
15:43:37.650 [ApplicationImpl pooled thread 57] INFO  c.b.l.BrowserStackRunExtension - Adding Browserstack SDK javaagent argline
15:43:37.650 [ApplicationImpl pooled thread 57] INFO  c.b.l.BrowserStackRunExtension - Plugin version: v1.1.6
16:11:15.611 [ApplicationImpl pooled thread 55] INFO  c.b.l.BrowserStackRunExtension - testng
16:11:15.611 [ApplicationImpl pooled thread 55] INFO  com.browserstack.utils.Helpers - null
16:11:15.612 [ApplicationImpl pooled thread 55] INFO  com.browserstack.utils.Helpers - /Users/vasugoel/.m2/repository/com/browserstack/browserstack-java-sdk/1.32.6/browserstack-java-sdk-1.32.6.jar
16:11:15.612 [ApplicationImpl pooled thread 55] INFO  c.b.l.BrowserStackRunExtension - Agent path: /Users/vasugoel/.m2/repository/com/browserstack/browserstack-java-sdk/1.32.6/browserstack-java-sdk-1.32.6.jar
16:11:15.612 [ApplicationImpl pooled thread 55] INFO  c.b.l.BrowserStackRunExtension - Adding Browserstack SDK javaagent argline
16:11:15.612 [ApplicationImpl pooled thread 55] INFO  c.b.l.BrowserStackRunExtension - Plugin version: v1.1.6
16:18:04.040 [ApplicationImpl pooled thread 57] INFO  c.b.l.BrowserStackRunExtension - testng
16:18:04.040 [ApplicationImpl pooled thread 57] INFO  com.browserstack.utils.Helpers - null
16:18:04.040 [ApplicationImpl pooled thread 57] INFO  com.browserstack.utils.Helpers - /Users/vasugoel/.m2/repository/com/browserstack/browserstack-java-sdk/1.32.6/browserstack-java-sdk-1.32.6.jar
16:18:04.040 [ApplicationImpl pooled thread 57] INFO  c.b.l.BrowserStackRunExtension - Agent path: /Users/vasugoel/.m2/repository/com/browserstack/browserstack-java-sdk/1.32.6/browserstack-java-sdk-1.32.6.jar
16:18:04.040 [ApplicationImpl pooled thread 57] INFO  c.b.l.BrowserStackRunExtension - Adding Browserstack SDK javaagent argline
16:18:04.040 [ApplicationImpl pooled thread 57] INFO  c.b.l.BrowserStackRunExtension - Plugin version: v1.1.6
16:21:47.579 [ApplicationImpl pooled thread 65] INFO  c.b.l.BrowserStackRunExtension - testng
16:21:47.579 [ApplicationImpl pooled thread 65] INFO  com.browserstack.utils.Helpers - null
16:21:47.583 [ApplicationImpl pooled thread 65] INFO  com.browserstack.utils.Helpers - /Users/vasugoel/.m2/repository/com/browserstack/browserstack-java-sdk/1.32.6/browserstack-java-sdk-1.32.6.jar
16:21:47.583 [ApplicationImpl pooled thread 65] INFO  c.b.l.BrowserStackRunExtension - Agent path: /Users/vasugoel/.m2/repository/com/browserstack/browserstack-java-sdk/1.32.6/browserstack-java-sdk-1.32.6.jar
16:21:47.583 [ApplicationImpl pooled thread 65] INFO  c.b.l.BrowserStackRunExtension - Adding Browserstack SDK javaagent argline
16:21:47.583 [ApplicationImpl pooled thread 65] INFO  c.b.l.BrowserStackRunExtension - Plugin version: v1.1.6
16:27:51.054 [ApplicationImpl pooled thread 66] INFO  c.b.l.BrowserStackRunExtension - testng
16:27:51.054 [ApplicationImpl pooled thread 66] INFO  com.browserstack.utils.Helpers - null
16:27:51.054 [ApplicationImpl pooled thread 66] INFO  com.browserstack.utils.Helpers - /Users/vasugoel/.m2/repository/com/browserstack/browserstack-java-sdk/1.32.6/browserstack-java-sdk-1.32.6.jar
16:27:51.054 [ApplicationImpl pooled thread 66] INFO  c.b.l.BrowserStackRunExtension - Agent path: /Users/vasugoel/.m2/repository/com/browserstack/browserstack-java-sdk/1.32.6/browserstack-java-sdk-1.32.6.jar
16:27:51.054 [ApplicationImpl pooled thread 66] INFO  c.b.l.BrowserStackRunExtension - Adding Browserstack SDK javaagent argline
16:27:51.054 [ApplicationImpl pooled thread 66] INFO  c.b.l.BrowserStackRunExtension - Plugin version: v1.1.6
16:29:45.119 [ApplicationImpl pooled thread 66] INFO  c.b.l.BrowserStackRunExtension - testng
16:29:45.119 [ApplicationImpl pooled thread 66] INFO  com.browserstack.utils.Helpers - null
16:29:45.119 [ApplicationImpl pooled thread 66] INFO  com.browserstack.utils.Helpers - /Users/vasugoel/.m2/repository/com/browserstack/browserstack-java-sdk/1.32.6/browserstack-java-sdk-1.32.6.jar
16:29:45.120 [ApplicationImpl pooled thread 66] INFO  c.b.l.BrowserStackRunExtension - Agent path: /Users/vasugoel/.m2/repository/com/browserstack/browserstack-java-sdk/1.32.6/browserstack-java-sdk-1.32.6.jar
16:29:45.120 [ApplicationImpl pooled thread 66] INFO  c.b.l.BrowserStackRunExtension - Adding Browserstack SDK javaagent argline
16:29:45.120 [ApplicationImpl pooled thread 66] INFO  c.b.l.BrowserStackRunExtension - Plugin version: v1.1.6
16:32:23.830 [ApplicationImpl pooled thread 73] INFO  c.b.l.BrowserStackRunExtension - testng
16:32:23.831 [ApplicationImpl pooled thread 73] INFO  com.browserstack.utils.Helpers - null
16:32:23.831 [ApplicationImpl pooled thread 73] INFO  com.browserstack.utils.Helpers - /Users/vasugoel/.m2/repository/com/browserstack/browserstack-java-sdk/1.32.6/browserstack-java-sdk-1.32.6.jar
16:32:23.831 [ApplicationImpl pooled thread 73] INFO  c.b.l.BrowserStackRunExtension - Agent path: /Users/vasugoel/.m2/repository/com/browserstack/browserstack-java-sdk/1.32.6/browserstack-java-sdk-1.32.6.jar
16:32:23.831 [ApplicationImpl pooled thread 73] INFO  c.b.l.BrowserStackRunExtension - Adding Browserstack SDK javaagent argline
16:32:23.831 [ApplicationImpl pooled thread 73] INFO  c.b.l.BrowserStackRunExtension - Plugin version: v1.1.6
19:16:49.454 [ApplicationImpl pooled thread 265] INFO  c.b.l.BrowserStackRunExtension - testng
19:16:49.455 [ApplicationImpl pooled thread 265] INFO  com.browserstack.utils.Helpers - null
19:16:49.455 [ApplicationImpl pooled thread 265] INFO  com.browserstack.utils.Helpers - /Users/vasugoel/.m2/repository/com/browserstack/browserstack-java-sdk/1.32.6/browserstack-java-sdk-1.32.6.jar
19:16:49.455 [ApplicationImpl pooled thread 265] INFO  c.b.l.BrowserStackRunExtension - Agent path: /Users/vasugoel/.m2/repository/com/browserstack/browserstack-java-sdk/1.32.6/browserstack-java-sdk-1.32.6.jar
19:16:49.455 [ApplicationImpl pooled thread 265] INFO  c.b.l.BrowserStackRunExtension - Adding Browserstack SDK javaagent argline
19:16:49.455 [ApplicationImpl pooled thread 265] INFO  c.b.l.BrowserStackRunExtension - Plugin version: v1.1.6
19:17:29.518 [ApplicationImpl pooled thread 266] INFO  c.b.l.BrowserStackRunExtension - testng
19:17:29.519 [ApplicationImpl pooled thread 266] INFO  com.browserstack.utils.Helpers - null
19:17:29.519 [ApplicationImpl pooled thread 266] INFO  com.browserstack.utils.Helpers - /Users/vasugoel/.m2/repository/com/browserstack/browserstack-java-sdk/1.32.6/browserstack-java-sdk-1.32.6.jar
19:17:29.519 [ApplicationImpl pooled thread 266] INFO  c.b.l.BrowserStackRunExtension - Agent path: /Users/vasugoel/.m2/repository/com/browserstack/browserstack-java-sdk/1.32.6/browserstack-java-sdk-1.32.6.jar
19:17:29.519 [ApplicationImpl pooled thread 266] INFO  c.b.l.BrowserStackRunExtension - Adding Browserstack SDK javaagent argline
19:17:29.519 [ApplicationImpl pooled thread 266] INFO  c.b.l.BrowserStackRunExtension - Plugin version: v1.1.6
20:04:24.638 [ApplicationImpl pooled thread 498] INFO  c.b.l.BrowserStackRunExtension - testng
20:04:24.639 [ApplicationImpl pooled thread 498] INFO  com.browserstack.utils.Helpers - null
20:04:24.639 [ApplicationImpl pooled thread 498] INFO  com.browserstack.utils.Helpers - /Users/vasugoel/.m2/repository/com/browserstack/browserstack-java-sdk/1.32.7/browserstack-java-sdk-1.32.7.jar
20:04:24.639 [ApplicationImpl pooled thread 498] INFO  c.b.l.BrowserStackRunExtension - Agent path: /Users/vasugoel/.m2/repository/com/browserstack/browserstack-java-sdk/1.32.7/browserstack-java-sdk-1.32.7.jar
20:04:24.639 [ApplicationImpl pooled thread 498] INFO  c.b.l.BrowserStackRunExtension - Adding Browserstack SDK javaagent argline
20:04:24.639 [ApplicationImpl pooled thread 498] INFO  c.b.l.BrowserStackRunExtension - Plugin version: v1.1.6
